<?xml version="1.0" encoding="UTF-8"?>
<!-- Generated by org.testng.reporters.JUnitXMLReporter -->
<testsuite ignored="0" hostname="LAPTOP-7DJ18U3D" failures="2" tests="3" name="Surefire test" time="29.301" errors="0" timestamp="2022-08-24T13:49:46 IST">
  <testcase classname="io.cucumber.testng.AbstractTestNGCucumberTests" name="runScenario" time="21.69">
    <failure type="java.lang.AssertionError" message="did not expect to find [Brocolli] but found [null]">
      <![CDATA[java.lang.AssertionError: did not expect to find [Brocolli] but found [null]
at steps.OfferPageStepDefinition.validate_product_name_in_offers_page_matches_with_landing_page(OfferPageStepDefinition.java:60)
at ✽.validate product name in offers page matches with Landing Page(file:///D:/Drishyam%20(2015)%20%5BBluRay%5D%20%5B1080p%5D%20%5BYTS.AM%5D/new%20eclipse/CucumberTcs/src/test/java/features/SearchProduct.feature:8)
... Removed 6 stack frames]]>
    </failure>
  </testcase> <!-- runScenario -->
  <testcase classname="io.cucumber.testng.AbstractTestNGCucumberTests" name="runScenario" time="22.087">
    <failure type="java.lang.AssertionError" message="did not expect to find [Brocolli] but found [null]">
      <![CDATA[java.lang.AssertionError: did not expect to find [Brocolli] but found [null]
at steps.OfferPageStepDefinition.validate_product_name_in_offers_page_matches_with_landing_page(OfferPageStepDefinition.java:60)
at ✽.validate product name in offers page matches with Landing Page(file:///D:/Drishyam%20(2015)%20%5BBluRay%5D%20%5B1080p%5D%20%5BYTS.AM%5D/new%20eclipse/CucumberTcs/src/test/java/features/SearchProduct.feature:8)
... Removed 6 stack frames]]>
    </failure>
  </testcase> <!-- runScenario -->
  <testcase classname="io.cucumber.testng.AbstractTestNGCucumberTests" name="runScenario" time="26.822"/>
</testsuite> <!-- Surefire test -->
